Flutter crash report.
Please report a bug at https://github.com/flutter/flutter/issues.

## command

flutter run --machine --start-paused -d 192.168.99.102:5555 --dart-define=flutter.inspector.structuredErrors=true --web-allow-expose-url --devtools-server-address http://127.0.0.1:9100/ --target lib\main.dart

## exception

ProcessPackageException: ProcessException: The process cannot access the file because it is being used by another process.

  Command: "C:\Program Files\Git\mingw64\bin\git.EXE" -c log.showSignature=false log -n 1 --pretty=format:%ad --date=iso

```
#0      LocalProcessManager.runSync (package:process/src/interface/local_process_manager.dart:120:7)
#1      ErrorHandlingProcessManager.runSync.<anonymous closure> (package:flutter_tools/src/base/error_handling_io.dart:712:24)
#2      _runSync (package:flutter_tools/src/base/error_handling_io.dart:597:14)
#3      ErrorHandlingProcessManager.runSync (package:flutter_tools/src/base/error_handling_io.dart:711:12)
#4      _runSync (package:flutter_tools/src/version.dart:524:56)
#5      FlutterVersion._latestGitCommitDate (package:flutter_tools/src/version.dart:208:14)
#6      FlutterVersion.checkFlutterVersionFreshness (package:flutter_tools/src/version.dart:234:49)
#7      FlutterCommandRunner.runCommand.<anonymous closure> (package:flutter_tools/src/runner/flutter_command_runner.dart:262:40)
<asynchronous suspension>
#8      AppContext.run.<anonymous closure> (package:flutter_tools/src/base/context.dart:150:19)
<asynchronous suspension>
#9      FlutterCommandRunner.runCommand (package:flutter_tools/src/runner/flutter_command_runner.dart:236:5)
<asynchronous suspension>
#10     run.<anonymous closure>.<anonymous closure> (package:flutter_tools/runner.dart:62:9)
<asynchronous suspension>
#11     AppContext.run.<anonymous closure> (package:flutter_tools/src/base/context.dart:150:19)
<asynchronous suspension>
#12     main (package:flutter_tools/executable.dart:92:3)
<asynchronous suspension>
```

## flutter doctor

```
[✓] Flutter (Channel stable, 2.5.2, on Microsoft Windows [Version 10.0.19043.1237], locale en-ID)
    • Flutter version 2.5.2 at C:\flutter\flutter
    • Upstream repository https://github.com/flutter/flutter.git
    • Framework revision 3595343e20 (4 days ago), 2021-09-30 12:58:18 -0700
    • Engine revision 6ac856380f
    • Dart version 2.14.3

[✓] Android toolchain - develop for Android devices (Android SDK version 30.0.2)
    • Android SDK at C:\Users\LENOVO\AppData\Local\Android\sdk
    • Platform android-30, build-tools 30.0.2
    • Java binary at: C:\Program Files\Android\Android Studio\jre\bin\java
    • Java version OpenJDK Runtime Environment (build 1.8.0_242-release-1644-b01)
    • All Android licenses accepted.

[✓] Chrome - develop for the web
    • Chrome at C:\Program Files\Google\Chrome\Application\chrome.exe

[✓] Android Studio (version 4.1)
    • Android Studio at C:\Program Files\Android\Android Studio
    • Flutter plugin can be installed from:
      🔨 https://plugins.jetbrains.com/plugin/9212-flutter
    • Dart plugin can be installed from:
      🔨 https://plugins.jetbrains.com/plugin/6351-dart
    • Java version OpenJDK Runtime Environment (build 1.8.0_242-release-1644-b01)

[✓] VS Code (version 1.60.2)
    • VS Code at C:\Users\LENOVO\AppData\Local\Programs\Microsoft VS Code
    • Flutter extension version 3.25.0

[✓] Connected device (3 available)
    • Xiaomi Redmi Note 7 (mobile) • 192.168.99.102:5555 • android-x86    • Android 8.1.0 (API 27)
    • Chrome (web)                 • chrome              • web-javascript • Google Chrome 94.0.4606.61
    • Edge (web)                   • edge                • web-javascript • Microsoft Edge 94.0.992.38

• No issues found!
```
